#
# A fatal error has been detected by the Java Runtime Environment:
#
#  EXCEPTION_ACCESS_VIOLATION (0xc0000005) at pc=0x000000006eb54769, pid=10396, tid=8164
#
# JRE version: Java(TM) SE Runtime Environment (7.0_71-b14) (build 1.7.0_71-b14)
# Java VM: Java HotSpot(TM) 64-Bit Server VM (24.71-b01 mixed mode windows-amd64 compressed oops)
# Problematic frame:
# V  [jvm.dll+0x54769]
#
# Failed to write core dump. Minidumps are not enabled by default on client versions of Windows
#
# If you would like to submit a bug report, please visit:
#   http://bugreport.sun.com/bugreport/crash.jsp
#

---------------  T H R E A D  ---------------

Current thread (0x000000000ab6b800):  JavaThread "JDWP Transport Listener: dt_socket" daemon [_thread_in_vm, id=8164, stack(0x000000000c990000,0x000000000ca90000)]

siginfo: ExceptionCode=0xc0000005, reading address 0x000000000000000c

Registers:
RAX=0x000000000000000c, RBX=0x000000000ab6b800, RCX=0x0000000000000003, RDX=0x0000000000000000
RSP=0x000000000ca8f1e0, RBP=0x000000000000000c, RSI=0x0000000000000000, RDI=0x0000000000000010
R8 =0x00000007d5cea7f0, R9 =0x0000000000000000, R10=0x0000000000000000, R11=0x0000000000000001
R12=0x0000000000000000, R13=0x000000000ab5ed38, R14=0x0000000000000000, R15=0x0000000000000000
RIP=0x000000006eb54769, EFLAGS=0x0000000000010246

Top of Stack: (sp=0x000000000ca8f1e0)
0x000000000ca8f1e0:   000000000ab6b800 0000000000000000
0x000000000ca8f1f0:   0000000000000000 000000000ab6b800
0x000000000ca8f200:   0000000000000000 000000006ec1d597
0x000000000ca8f210:   00000007d5cea7f0 000000000ca8f330
0x000000000ca8f220:   000000000ab7c808 000000000ca8f300
0x000000000ca8f230:   000000000ab6b800 0000000000000000
0x000000000ca8f240:   000000000ab7c808 000000000ca8f330
0x000000000ca8f250:   0000000000000000 000000000ab5ed38
0x000000000ca8f260:   0000000000000000 000000006c857d15
0x000000000ca8f270:   000000000ca8f300 000000000ca8f330
0x000000000ca8f280:   000000000ab7c808 000000000ab6b9e8
0x000000000ca8f290:   000000000ce2370a 000000006c85f090
0x000000000ca8f2a0:   000000000a010a01 000000000ca8f3a0
0x000000000ca8f2b0:   000000000ab5e901 000000000ab5e901
0x000000000ca8f2c0:   00002a4100000013 000000000a010a00
0x000000000ca8f2d0:   000000000ce24c10 000000006ec8e2aa 

Instructions: (pc=0x000000006eb54769)
0x000000006eb54749:   d2 48 8b c5 eb 18 48 8b d0 48 8b c5 48 d3 e2 48
0x000000006eb54759:   03 15 51 11 6a 00 eb 06 48 8b 12 48 8b c7 48 98
0x000000006eb54769:   8b 14 10 85 d2 74 2a 45 84 db 4c 63 c6 48 0f 45
0x000000006eb54779:   fd 8d 47 0b 48 63 c8 48 83 e1 f8 48 c1 e9 03 8d 


Register to memory mapping:

RAX=0x000000000000000c is an unknown value
RBX=0x000000000ab6b800 is a thread
RCX=0x0000000000000003 is an unknown value
RDX=0x0000000000000000 is an unknown value
RSP=0x000000000ca8f1e0 is pointing into the stack for thread: 0x000000000ab6b800
RBP=0x000000000000000c is an unknown value
RSI=0x0000000000000000 is an unknown value
RDI=0x0000000000000010 is an unknown value
R8 =0x00000007d5cea7f0 is an oop
java.lang.String 
 - klass: 'java/lang/String'
R9 =0x0000000000000000 is an unknown value
R10=0x0000000000000000 is an unknown value
R11=0x0000000000000001 is an unknown value
R12=0x0000000000000000 is an unknown value
R13=0x000000000ab5ed38 is an unknown value
R14=0x0000000000000000 is an unknown value
R15=0x0000000000000000 is an unknown value


Stack: [0x000000000c990000,0x000000000ca90000],  sp=0x000000000ca8f1e0,  free space=1020k
Native frames: (J=compiled Java code, j=interpreted, Vv=VM code, C=native code)
V  [jvm.dll+0x54769]


---------------  P R O C E S S  ---------------

Java Threads: ( => current thread )
  0x000000000cdbe800 JavaThread "Service Thread" daemon [_thread_blocked, id=8628, stack(0x000000000d4c0000,0x000000000d5c0000)]
  0x000000000cdbd000 JavaThread "C2 CompilerThread1" daemon [_thread_blocked, id=3716, stack(0x000000000c870000,0x000000000c970000)]
  0x000000000ab7e800 JavaThread "C2 CompilerThread0" daemon [_thread_blocked, id=8620, stack(0x000000000d2b0000,0x000000000d3b0000)]
  0x000000000ab77800 JavaThread "JDWP Command Reader" daemon [_thread_in_native, id=6744, stack(0x000000000ccb0000,0x000000000cdb0000)]
  0x000000000ab76800 JavaThread "JDWP Event Helper Thread" daemon [_thread_blocked, id=11136, stack(0x000000000cb30000,0x000000000cc30000)]
=>0x000000000ab6b800 JavaThread "JDWP Transport Listener: dt_socket" daemon [_thread_in_vm, id=8164, stack(0x000000000c990000,0x000000000ca90000)]
  0x000000000ab64000 JavaThread "Attach Listener" daemon [_thread_blocked, id=10892, stack(0x000000000c280000,0x000000000c380000)]
  0x000000000ab5d000 JavaThread "Signal Dispatcher" daemon [_thread_blocked, id=4296, stack(0x000000000c000000,0x000000000c100000)]
  0x000000000ab09000 JavaThread "Finalizer" daemon [_thread_blocked, id=5244, stack(0x000000000ba60000,0x000000000bb60000)]
  0x000000000ab02000 JavaThread "Reference Handler" daemon [_thread_blocked, id=7632, stack(0x000000000bda0000,0x000000000bea0000)]
  0x00000000022c8000 JavaThread "main" [_thread_blocked, id=4808, stack(0x0000000002490000,0x0000000002590000)]

Other Threads:
  0x000000000aafe800 VMThread [stack: 0x000000000bbf0000,0x000000000bcf0000] [id=9724]
  0x000000000cdd4800 WatcherThread [stack: 0x000000000d5c0000,0x000000000d6c0000] [id=9496]

VM state:not at safepoint (normal execution)

VM Mutex/Monitor currently owned by a thread: None

Heap
 PSYoungGen      total 38400K, used 1997K [0x00000007d5c80000, 0x00000007d8700000, 0x0000000800000000)
  eden space 33280K, 6% used [0x00000007d5c80000,0x00000007d5e73430,0x00000007d7d00000)
  from space 5120K, 0% used [0x00000007d8200000,0x00000007d8200000,0x00000007d8700000)
  to   space 5120K, 0% used [0x00000007d7d00000,0x00000007d7d00000,0x00000007d8200000)
 ParOldGen       total 86016K, used 0K [0x0000000781600000, 0x0000000786a00000, 0x00000007d5c80000)
  object space 86016K, 0% used [0x0000000781600000,0x0000000781600000,0x0000000786a00000)
 PSPermGen       total 21504K, used 2569K [0x000000077c400000, 0x000000077d900000, 0x0000000781600000)
  object space 21504K, 11% used [0x000000077c400000,0x000000077c682500,0x000000077d900000)

Card table byte_map: [0x0000000005590000,0x00000000059b0000] byte_map_base: 0x00000000019ae000

Polling page: 0x00000000000b0000

Code Cache  [0x0000000002590000, 0x0000000002800000, 0x0000000005590000)
 total_blobs=177 nmethods=2 adapters=136 free_code_cache=48769Kb largest_free_block=49922112

Compilation events (4 events):
Event: 0.121 Thread 0x000000000ab7e800    1             java.lang.String::hashCode (55 bytes)
Event: 0.133 Thread 0x000000000ab7e800 nmethod 1 0x00000000025eeb90 code [0x00000000025eecc0, 0x00000000025eee58]
Event: 43.752 Thread 0x000000000cdbd000    2             java.lang.String::indexOf (70 bytes)
Event: 43.758 Thread 0x000000000cdbd000 nmethod 2 0x00000000025ee550 code [0x00000000025ee6a0, 0x00000000025ee888]

GC Heap History (0 events):
No events

Deoptimization events (0 events):
No events

Internal exceptions (2 events):
Event: 0.023 Thread 0x00000000022c8000 Threw 0x00000007d5c8ade0 at C:\re\jdk7u71\1605\hotspot\src\share\vm\prims\jni.cpp:3991
Event: 0.121 Thread 0x00000000022c8000 Threw 0x00000007d5ce10a8 at C:\re\jdk7u71\1605\hotspot\src\share\vm\prims\jvm.cpp:1281

Events (10 events):
Event: 82.470 Executing VM operation: ChangeSingleStep
Event: 82.470 Executing VM operation: ChangeSingleStep done
Event: 82.472 Executing VM operation: ChangeSingleStep
Event: 82.472 Executing VM operation: ChangeSingleStep done
Event: 82.502 Executing VM operation: GetOrSetLocal
Event: 82.503 Executing VM operation: GetOrSetLocal done
Event: 82.508 Executing VM operation: GetOrSetLocal
Event: 82.508 Executing VM operation: GetOrSetLocal done
Event: 82.714 Executing VM operation: GetOrSetLocal
Event: 82.714 Executing VM operation: GetOrSetLocal done


Dynamic libraries:
0x000000013ffe0000 - 0x0000000140013000 	C:\Program Files\Java\jdk1.7.0_71\bin\javaw.exe
0x0000000077260000 - 0x0000000077409000 	C:\WINDOWS\SYSTEM32\ntdll.dll
0x0000000077140000 - 0x000000007725f000 	C:\WINDOWS\system32\kernel32.dll
0x000007fefda20000 - 0x000007fefda8c000 	C:\WINDOWS\system32\KERNELBASE.dll
0x000007feff010000 - 0x000007feff0eb000 	C:\WINDOWS\system32\ADVAPI32.dll
0x000007fefdf50000 - 0x000007fefdfef000 	C:\WINDOWS\system32\msvcrt.dll
0x000007feff0f0000 - 0x000007feff10f000 	C:\WINDOWS\SYSTEM32\sechost.dll
0x000007fefdcf0000 - 0x000007fefde1d000 	C:\WINDOWS\system32\RPCRT4.dll
0x0000000076cc0000 - 0x0000000076dba000 	C:\WINDOWS\system32\USER32.dll
0x000007fefdc80000 - 0x000007fefdce7000 	C:\WINDOWS\system32\GDI32.dll
0x000007fefde20000 - 0x000007fefde2e000 	C:\WINDOWS\system32\LPK.dll
0x000007fefdbb0000 - 0x000007fefdc79000 	C:\WINDOWS\system32\USP10.dll
0x000007fefc060000 - 0x000007fefc254000 	C:\WINDOWS\WinSxS\amd64_microsoft.windows.common-controls_6595b64144ccf1df_6.0.7601.17514_none_fa396087175ac9ac\COMCTL32.dll
0x000007fefda90000 - 0x000007fefdb01000 	C:\WINDOWS\system32\SHLWAPI.dll
0x000007fefe000000 - 0x000007fefe02e000 	C:\WINDOWS\system32\IMM32.DLL
0x000007feff110000 - 0x000007feff219000 	C:\WINDOWS\system32\MSCTF.dll
0x00000000790c0000 - 0x0000000079192000 	C:\Program Files\Java\jdk1.7.0_71\jre\bin\msvcr100.dll
0x000000006eb00000 - 0x000000006f2d3000 	C:\Program Files\Java\jdk1.7.0_71\jre\bin\server\jvm.dll
0x000007fef4a30000 - 0x000007fef4a39000 	C:\WINDOWS\system32\WSOCK32.dll
0x000007fefe050000 - 0x000007fefe09d000 	C:\WINDOWS\system32\WS2_32.dll
0x000007fefdff0000 - 0x000007fefdff8000 	C:\WINDOWS\system32\NSI.dll
0x000007fefad90000 - 0x000007fefadcb000 	C:\WINDOWS\system32\WINMM.dll
0x0000000077430000 - 0x0000000077437000 	C:\WINDOWS\system32\PSAPI.DLL
0x0000000061320000 - 0x000000006132f000 	C:\Program Files\Java\jdk1.7.0_71\jre\bin\verify.dll
0x000000006d020000 - 0x000000006d048000 	C:\Program Files\Java\jdk1.7.0_71\jre\bin\java.dll
0x000000006c850000 - 0x000000006c885000 	C:\Program Files\Java\jdk1.7.0_71\jre\bin\jdwp.dll
0x00000000779f0000 - 0x00000000779f8000 	C:\Program Files\Java\jdk1.7.0_71\jre\bin\npt.dll
0x0000000077950000 - 0x0000000077965000 	C:\Program Files\Java\jdk1.7.0_71\jre\bin\zip.dll
0x0000000061640000 - 0x0000000061649000 	C:\Program Files\Java\jdk1.7.0_71\jre\bin\dt_socket.dll
0x000007fefa010000 - 0x000007fefa025000 	C:\WINDOWS\system32\NLAapi.dll
0x000007fef7c10000 - 0x000007fef7c25000 	C:\WINDOWS\system32\napinsp.dll
0x000007fef8ae0000 - 0x000007fef8af9000 	C:\WINDOWS\system32\pnrpnsp.dll
0x000007fefcf30000 - 0x000007fefcf85000 	C:\WINDOWS\System32\mswsock.dll
0x000007fefcdb0000 - 0x000007fefce0b000 	C:\WINDOWS\system32\DNSAPI.dll
0x000007fef7c00000 - 0x000007fef7c0b000 	C:\WINDOWS\System32\winrnr.dll
0x000007fef7bf0000 - 0x000007fef7c00000 	C:\WINDOWS\system32\wshbth.dll
0x000007fef9b30000 - 0x000007fef9b57000 	C:\WINDOWS\system32\IPHLPAPI.DLL
0x000007fef9af0000 - 0x000007fef9afb000 	C:\WINDOWS\system32\WINNSI.DLL
0x000007fef9740000 - 0x000007fef9793000 	C:\WINDOWS\System32\fwpuclnt.dll
0x000007fef8ad0000 - 0x000007fef8ad8000 	C:\WINDOWS\system32\rasadhlp.dll
0x000007fefc8e0000 - 0x000007fefc8e7000 	C:\WINDOWS\System32\wshtcpip.dll
0x000007fef4d40000 - 0x000007fef4e65000 	C:\WINDOWS\system32\dbghelp.dll

VM Arguments:
jvm_args: -agentlib:jdwp=transport=dt_socket,suspend=y,address=localhost:54878 -Dfile.encoding=Cp1252 
java_command: NET.webserviceX.www.SchedulerMain
Launcher Type: SUN_STANDARD

Environment Variables:
JAVA_HOME=C:\Program Files\Java\jdk1.7.0_71
PATH=C:\Program Files\Java\jdk1.7.0_71\jre\bin;C:\WINDOWS\system32;C:\WINDOWS;C:\WINDOWS\System32\Wbem;C:\WINDOWS\System32\WindowsPowerShell\v1.0\;C:\Program Files\Java\jdk1.7.0_71\bin;C:\apache-maven-3.2.5\bin;C:\Program Files (x86)\MySQL\MySQL Fabric 1.5.3 & MySQL Utilities 1.5.3 1.5\;C:\Program Files (x86)\MySQL\MySQL Fabric 1.5.3 & MySQL Utilities 1.5.3 1.5\Doctrine extensions for PHP\;C:\TEE-CLC-12.0.2;C:\jython2.5.3;C:\Program Files\1E\NomadBranch\;C:\Program Files\TortoiseGit\bin
USERNAME=VAnagani
OS=Windows_NT
PROCESSOR_IDENTIFIER=Intel64 Family 6 Model 60 Stepping 3, GenuineIntel



---------------  S Y S T E M  ---------------

OS: Windows 7 , 64 bit Build 7601 Service Pack 1

CPU:total 4 (2 cores per cpu, 2 threads per core) family 6 model 60 stepping 3, cmov, cx8, fxsr, mmx, sse, sse2, sse3, ssse3, sse4.1, sse4.2, popcnt, avx, avx2, aes, erms, ht, tsc, tscinvbit

Memory: 4k page, physical 8291596k(1763488k free), swap 16581336k(7622508k free)

vm_info: Java HotSpot(TM) 64-Bit Server VM (24.71-b01) for windows-amd64 JRE (1.7.0_71-b14), built on Sep 26 2014 16:16:12 by "java_re" with unknown MS VC++:1600

time: Wed Apr 22 18:11:45 2015
elapsed time: 82 seconds

